2024-11-28 09:21:40,922 [INFO] Activator:176 - 


2024-11-28 09:21:40,934 [INFO] Activator:177 - !SESSION log4j initialized
2024-11-28 09:21:48,810 [INFO] LogOutputStream:77 - [STDOUT_REDIRECT] 
2024-11-28 09:21:54,023 [INFO] ApplicationProperties:184 - Using Application install path: C:\ST\STM32CubeIDE_1.14.1\STM32CubeIDE\plugins\com.st.stm32cube.common.mx_6.12.1.202409122256
2024-11-28 09:21:54,059 [INFO] DbMcusXml:78 - Set database path to: C:\ST\STM32CubeIDE_1.14.1\STM32CubeIDE\plugins\com.st.stm32cube.common.mx_6.12.1.202409122256\\db\/mcu/
2024-11-28 09:21:54,060 [INFO] ApiDb:274 - Set plugin database path to: C:\ST\STM32CubeIDE_1.14.1\STM32CubeIDE\plugins\com.st.stm32cube.common.mx_6.12.1.202409122256\\db\/plugins/boardmanager/
2024-11-28 09:21:54,062 [WARN] ApiDb:259 - Overriding images path with different value:  => C:\ST\STM32CubeIDE_1.14.1\STM32CubeIDE\plugins\com.st.stm32cube.common.mx_6.12.1.202409122256\\db\/plugins/mcufinder/images/
2024-11-28 09:21:54,091 [INFO] ApiDb:250 - Set database path to: C:\Users\24eo0118\.stmcufinder\plugins\mcufinder//mcu/
2024-11-28 09:21:54,093 [INFO] DbMcusAds:125 - Set database path to: C:\Users\24eo0118\.stmcufinder\plugins\mcufinder//mcu/
2024-11-28 09:21:54,099 [INFO] CrossReferenceDbSqlite:203 - Set database path to: C:\Users\24eo0118\.stmcufinder\plugins\mcufinder//mcu/cs/
2024-11-28 09:21:54,449 [INFO] RulesReader:64 - Compatibility file has been processed (297 Rules)
2024-11-28 09:21:54,684 [INFO] DbMcusXml:78 - Set database path to: C:\ST\STM32CubeIDE_1.14.1\STM32CubeIDE\plugins\com.st.stm32cube.common.mx_6.12.1.202409122256\\db\/mcu/
2024-11-28 09:21:54,686 [INFO] ApiDb:274 - Set plugin database path to: C:\ST\STM32CubeIDE_1.14.1\STM32CubeIDE\plugins\com.st.stm32cube.common.mx_6.12.1.202409122256\\db\/plugins/boardmanager/
2024-11-28 09:21:54,687 [INFO] ApiDb:261 - Set plugin images path to: C:\ST\STM32CubeIDE_1.14.1\STM32CubeIDE\plugins\com.st.stm32cube.common.mx_6.12.1.202409122256\\db\/plugins/mcufinder/images/
2024-11-28 09:21:54,689 [WARN] DbFile:41 - Overriding database path with different value: C:\Users\24eo0118\.stmcufinder\plugins\mcufinder/ => C:\Users\24eo0118\.stmcufinder\plugins\mcufinder
2024-11-28 09:21:54,691 [INFO] ApiDb:250 - Set database path to: C:\Users\24eo0118\.stmcufinder\plugins\mcufinder//mcu/
2024-11-28 09:21:54,693 [WARN] DbFile:41 - Overriding database path with different value: C:\Users\24eo0118\.stmcufinder\plugins\mcufinder/ => C:\Users\24eo0118\.stmcufinder\plugins\mcufinder
2024-11-28 09:21:54,695 [INFO] DbMcusAds:125 - Set database path to: C:\Users\24eo0118\.stmcufinder\plugins\mcufinder//mcu/
2024-11-28 09:21:54,696 [WARN] DbFile:41 - Overriding database path with different value: C:\Users\24eo0118\.stmcufinder\plugins\mcufinder/ => C:\Users\24eo0118\.stmcufinder\plugins\mcufinder
2024-11-28 09:21:54,698 [WARN] DbFile:41 - Overriding database path with different value: C:\Users\24eo0118\.stmcufinder\plugins\mcufinder/ => C:\Users\24eo0118\.stmcufinder\plugins\mcufinder
2024-11-28 09:21:54,699 [INFO] CrossReferenceDbSqlite:203 - Set database path to: C:\Users\24eo0118\.stmcufinder\plugins\mcufinder//mcu/cs/
2024-11-28 09:21:54,867 [INFO] MainPanel:268 - HeapMemory: 268435456
2024-11-28 09:21:55,096 [INFO] DbMcusXml:78 - Set database path to: C:\ST\STM32CubeIDE_1.14.1\STM32CubeIDE\plugins\com.st.stm32cube.common.mx_6.12.1.202409122256\\db\/mcu/
2024-11-28 09:21:55,096 [INFO] ApiDb:274 - Set plugin database path to: C:\ST\STM32CubeIDE_1.14.1\STM32CubeIDE\plugins\com.st.stm32cube.common.mx_6.12.1.202409122256\\db\/plugins/boardmanager/
2024-11-28 09:21:55,097 [INFO] ApiDb:261 - Set plugin images path to: C:\ST\STM32CubeIDE_1.14.1\STM32CubeIDE\plugins\com.st.stm32cube.common.mx_6.12.1.202409122256\\db\/plugins/mcufinder/images/
2024-11-28 09:21:55,099 [WARN] DbFile:41 - Overriding database path with different value: C:\Users\24eo0118\.stmcufinder\plugins\mcufinder/ => C:\Users\24eo0118\.stmcufinder\plugins\mcufinder
2024-11-28 09:21:55,099 [INFO] ApiDb:250 - Set database path to: C:\Users\24eo0118\.stmcufinder\plugins\mcufinder//mcu/
2024-11-28 09:21:55,100 [WARN] DbFile:41 - Overriding database path with different value: C:\Users\24eo0118\.stmcufinder\plugins\mcufinder/ => C:\Users\24eo0118\.stmcufinder\plugins\mcufinder
2024-11-28 09:21:55,100 [INFO] DbMcusAds:125 - Set database path to: C:\Users\24eo0118\.stmcufinder\plugins\mcufinder//mcu/
2024-11-28 09:21:55,101 [WARN] DbFile:41 - Overriding database path with different value: C:\Users\24eo0118\.stmcufinder\plugins\mcufinder/ => C:\Users\24eo0118\.stmcufinder\plugins\mcufinder
2024-11-28 09:21:55,101 [WARN] DbFile:41 - Overriding database path with different value: C:\Users\24eo0118\.stmcufinder\plugins\mcufinder/ => C:\Users\24eo0118\.stmcufinder\plugins\mcufinder
2024-11-28 09:21:55,103 [INFO] CrossReferenceDbSqlite:203 - Set database path to: C:\Users\24eo0118\.stmcufinder\plugins\mcufinder//mcu/cs/
2024-11-28 09:21:55,130 [INFO] ApplicationProperties:184 - Using Application install path: C:\ST\STM32CubeIDE_1.14.1\STM32CubeIDE\plugins\com.st.stm32cube.common.mx_6.12.1.202409122256
2024-11-28 09:21:55,133 [INFO] PluginManage:196 - Search for loadable plugins [exclusion list=, ]
2024-11-28 09:21:55,136 [INFO] PluginManage:310 - Check plugin analytics
2024-11-28 09:21:55,408 [INFO] AnalyticsPlugin:253 - Accepted Software Licenses: 
2024-11-28 09:21:55,409 [INFO] AnalyticsPlugin:255 - Accepted CMSIS Pack Licenses: 
2024-11-28 09:21:55,410 [INFO] AnalyticsPlugin:257 - Accepted Firmware Licenses: 
2024-11-28 09:21:55,416 [INFO] PluginManage:359 - Loaded plugin analytics (category:tool,tabindex:-1)
2024-11-28 09:21:55,418 [INFO] PluginManage:310 - Check plugin cadmodel
2024-11-28 09:21:55,426 [INFO] CADModel:105 - Init CAD model plugin
2024-11-28 09:21:55,426 [INFO] PluginManage:359 - Loaded plugin cadmodel (category:power,tabindex:5)
2024-11-28 09:21:55,427 [INFO] PluginManage:310 - Check plugin clock
2024-11-28 09:21:55,444 [INFO] PluginManage:359 - Loaded plugin clock (category:base,tabindex:2)
2024-11-28 09:21:55,444 [INFO] PluginManage:310 - Check plugin ddr
2024-11-28 09:21:55,449 [INFO] PluginManage:359 - Loaded plugin ddr (category:tool,tabindex:6)
2024-11-28 09:21:55,450 [INFO] PluginManage:310 - Check plugin filemanager
2024-11-28 09:21:55,677 [INFO] PluginManage:359 - Loaded plugin filemanager (category:base,tabindex:10)
2024-11-28 09:21:55,679 [INFO] PluginManage:310 - Check plugin ipmanager
2024-11-28 09:21:55,692 [INFO] PluginManage:359 - Loaded plugin ipmanager (category:base,tabindex:5)
2024-11-28 09:21:55,693 [INFO] PluginManage:310 - Check plugin lpbam
2024-11-28 09:21:55,707 [INFO] PluginManage:359 - Loaded plugin lpbam (category:base,tabindex:0)
2024-11-28 09:21:55,708 [INFO] PluginManage:310 - Check plugin memorymap
2024-11-28 09:21:55,729 [INFO] PluginManage:359 - Loaded plugin memorymap (category:base,tabindex:4)
2024-11-28 09:21:55,730 [INFO] PluginManage:310 - Check plugin pinoutandconfiguration
2024-11-28 09:21:55,744 [INFO] PluginManage:359 - Loaded plugin pinoutandconfiguration (category:base,tabindex:1)
2024-11-28 09:21:55,747 [INFO] PluginManage:310 - Check plugin pinoutconfig
2024-11-28 09:21:55,889 [WARN] SupportedApi:132 - Cannot load RTOS API schema: s4s-elt-must-match.1: The content of 'definitions' must match (annotation?, (simpleType | complexType)?, (unique | key | keyref)*)). A problem was found starting at: attribute.
2024-11-28 09:21:56,225 [INFO] PluginManage:359 - Loaded plugin pinoutconfig (category:base,tabindex:0)
2024-11-28 09:21:56,226 [INFO] PluginManage:310 - Check plugin power
2024-11-28 09:21:56,244 [INFO] PluginManage:359 - Loaded plugin power (category:power,tabindex:4)
2024-11-28 09:21:56,246 [INFO] PluginManage:310 - Check plugin projectmanager
2024-11-28 09:21:56,278 [INFO] PluginManage:359 - Loaded plugin projectmanager (category:projectmanager,tabindex:4)
2024-11-28 09:21:56,279 [INFO] PluginManage:310 - Check plugin rif
2024-11-28 09:21:56,291 [INFO] PluginManage:359 - Loaded plugin rif (category:base,tabindex:3)
2024-11-28 09:21:56,292 [INFO] PluginManage:310 - Check plugin thirdparty
2024-11-28 09:21:56,565 [WARN] IntegrityCheckThread:84 - waiting for thirdparty lock release [integrity check]
2024-11-28 09:21:56,565 [INFO] PluginManage:359 - Loaded plugin thirdparty (category:base,tabindex:-1)
2024-11-28 09:21:56,566 [INFO] IntegrityCheckThread:86 - entering critical section [integrity check]
2024-11-28 09:21:56,567 [INFO] PluginManage:310 - Check plugin tools
2024-11-28 09:21:56,568 [INFO] ThirdPartyUpdaterWithRetryManager:70 - Updater plugin not ready yet. [1/15]
2024-11-28 09:21:56,578 [INFO] PluginManage:359 - Loaded plugin tools (category:base,tabindex:7)
2024-11-28 09:21:56,578 [INFO] PluginManage:310 - Check plugin tutovideos
2024-11-28 09:21:56,954 [INFO] PluginManage:359 - Loaded plugin tutovideos (category:base,tabindex:-1)
2024-11-28 09:21:56,955 [INFO] PluginManage:310 - Check plugin updater
2024-11-28 09:21:56,988 [INFO] PluginManage:359 - Loaded plugin updater (category:base,tabindex:12)
2024-11-28 09:21:56,989 [INFO] PluginManage:310 - Check plugin userauth
2024-11-28 09:21:57,001 [INFO] UserAuth:113 - Init User Auth plugin
2024-11-28 09:21:57,002 [INFO] PluginManage:359 - Loaded plugin userauth (category:base,tabindex:14)
2024-11-28 09:21:57,003 [INFO] PluginManage:283 - PluginManage : Loaded plugins [18]
2024-11-28 09:21:57,456 [INFO] PinOutPanel:1561 - setPackage(No Configuration,No Configuration)
2024-11-28 09:21:57,624 [INFO] CADModel:165 - CPN selected for project level
2024-11-28 09:21:57,625 [INFO] CADModel:114 - Register for checkConnection events
2024-11-28 09:21:57,653 [INFO] IPUIPlugin:80 - create IPUIPlugin
2024-11-28 09:21:57,654 [INFO] PluginManager:220 - loadIPPluginJar : add adc
2024-11-28 09:21:57,660 [INFO] IPUIPlugin:80 - create IPUIPlugin
2024-11-28 09:21:57,661 [INFO] PluginManager:220 - loadIPPluginJar : add aes
2024-11-28 09:21:57,667 [INFO] IPUIPlugin:80 - create IPUIPlugin
2024-11-28 09:21:57,668 [INFO] PluginManager:220 - loadIPPluginJar : add can
2024-11-28 09:21:57,672 [INFO] IPUIPlugin:80 - create IPUIPlugin
2024-11-28 09:21:57,672 [INFO] PluginManager:220 - loadIPPluginJar : add comp
2024-11-28 09:21:57,678 [INFO] IPUIPlugin:80 - create IPUIPlugin
2024-11-28 09:21:57,679 [INFO] PluginManager:220 - loadIPPluginJar : add cryp
2024-11-28 09:21:57,686 [INFO] IPUIPlugin:80 - create IPUIPlugin
2024-11-28 09:21:57,686 [INFO] PluginManager:220 - loadIPPluginJar : add ddr_ctrl_phy
2024-11-28 09:21:57,691 [INFO] IPUIPlugin:80 - create IPUIPlugin
2024-11-28 09:21:57,692 [INFO] PluginManager:220 - loadIPPluginJar : add dfsdm
2024-11-28 09:21:57,703 [INFO] IPUIPlugin:80 - create IPUIPlugin
2024-11-28 09:21:57,704 [INFO] PluginManager:220 - loadIPPluginJar : add dma
2024-11-28 09:21:57,711 [INFO] IPUIPlugin:80 - create IPUIPlugin
2024-11-28 09:21:57,711 [INFO] PluginManager:220 - loadIPPluginJar : add dma3
2024-11-28 09:21:57,719 [INFO] IPUIPlugin:80 - create IPUIPlugin
2024-11-28 09:21:57,720 [INFO] PluginManager:220 - loadIPPluginJar : add extmemmanager
2024-11-28 09:21:57,724 [INFO] IPUIPlugin:80 - create IPUIPlugin
2024-11-28 09:21:57,725 [INFO] PluginManager:220 - loadIPPluginJar : add fatfs
2024-11-28 09:21:57,733 [INFO] IPUIPlugin:80 - create IPUIPlugin
2024-11-28 09:21:57,734 [INFO] PluginManager:220 - loadIPPluginJar : add fmc
2024-11-28 09:21:57,745 [INFO] IPUIPlugin:80 - create IPUIPlugin
2024-11-28 09:21:57,746 [INFO] PluginManager:220 - loadIPPluginJar : add freertos
2024-11-28 09:21:57,750 [INFO] IPUIPlugin:80 - create IPUIPlugin
2024-11-28 09:21:57,751 [INFO] PluginManager:220 - loadIPPluginJar : add genericplugin
2024-11-28 09:21:57,756 [INFO] IPUIPlugin:80 - create IPUIPlugin
2024-11-28 09:21:57,756 [INFO] PluginManager:220 - loadIPPluginJar : add gfxmmu
2024-11-28 09:21:57,765 [INFO] IPUIPlugin:80 - create IPUIPlugin
2024-11-28 09:21:57,766 [INFO] PluginManager:220 - loadIPPluginJar : add gic
2024-11-28 09:21:57,772 [INFO] IPUIPlugin:80 - create IPUIPlugin
2024-11-28 09:21:57,773 [INFO] PluginManager:220 - loadIPPluginJar : add gpio
2024-11-28 09:21:57,778 [INFO] IPUIPlugin:80 - create IPUIPlugin
2024-11-28 09:21:57,779 [INFO] PluginManager:220 - loadIPPluginJar : add gtzc
2024-11-28 09:21:57,785 [INFO] IPUIPlugin:80 - create IPUIPlugin
2024-11-28 09:21:57,786 [INFO] PluginManager:220 - loadIPPluginJar : add hash
2024-11-28 09:21:57,791 [INFO] IPUIPlugin:80 - create IPUIPlugin
2024-11-28 09:21:57,793 [INFO] PluginManager:220 - loadIPPluginJar : add i2c
2024-11-28 09:21:57,798 [INFO] IPUIPlugin:80 - create IPUIPlugin
2024-11-28 09:21:57,799 [INFO] PluginManager:220 - loadIPPluginJar : add i2s
2024-11-28 09:21:57,805 [INFO] IPUIPlugin:80 - create IPUIPlugin
2024-11-28 09:21:57,805 [INFO] PluginManager:220 - loadIPPluginJar : add i3c
2024-11-28 09:21:57,811 [INFO] IPUIPlugin:80 - create IPUIPlugin
2024-11-28 09:21:57,811 [INFO] PluginManager:220 - loadIPPluginJar : add ipddr
2024-11-28 09:21:57,825 [INFO] IPUIPlugin:80 - create IPUIPlugin
2024-11-28 09:21:57,826 [INFO] PluginManager:220 - loadIPPluginJar : add linkedlist
2024-11-28 09:21:57,834 [INFO] IPUIPlugin:80 - create IPUIPlugin
2024-11-28 09:21:57,834 [INFO] PluginManager:220 - loadIPPluginJar : add lorawan
2024-11-28 09:21:57,838 [INFO] IPUIPlugin:80 - create IPUIPlugin
2024-11-28 09:21:57,839 [INFO] PluginManager:220 - loadIPPluginJar : add ltdc
2024-11-28 09:21:57,849 [INFO] IPUIPlugin:80 - create IPUIPlugin
2024-11-28 09:21:57,851 [INFO] PluginManager:220 - loadIPPluginJar : add mdma
2024-11-28 09:21:57,858 [INFO] IPUIPlugin:80 - create IPUIPlugin
2024-11-28 09:21:57,859 [INFO] PluginManager:220 - loadIPPluginJar : add nvic
2024-11-28 09:21:57,866 [INFO] IPUIPlugin:80 - create IPUIPlugin
2024-11-28 09:21:57,866 [INFO] PluginManager:220 - loadIPPluginJar : add opamp
2024-11-28 09:21:57,872 [INFO] IPUIPlugin:80 - create IPUIPlugin
2024-11-28 09:21:57,873 [INFO] PluginManager:220 - loadIPPluginJar : add openamp
2024-11-28 09:21:57,880 [INFO] IPUIPlugin:80 - create IPUIPlugin
2024-11-28 09:21:57,881 [INFO] PluginManager:220 - loadIPPluginJar : add pdm2pcm
2024-11-28 09:21:57,891 [INFO] IPUIPlugin:80 - create IPUIPlugin
2024-11-28 09:21:57,896 [INFO] PluginManager:220 - loadIPPluginJar : add plateformsettings
2024-11-28 09:21:57,900 [INFO] IPUIPlugin:80 - create IPUIPlugin
2024-11-28 09:21:57,901 [INFO] PluginManager:220 - loadIPPluginJar : add quadspi
2024-11-28 09:21:57,905 [INFO] IPUIPlugin:80 - create IPUIPlugin
2024-11-28 09:21:57,908 [INFO] PluginManager:220 - loadIPPluginJar : add radio
2024-11-28 09:21:57,916 [INFO] IPUIPlugin:80 - create IPUIPlugin
2024-11-28 09:21:57,917 [INFO] PluginManager:220 - loadIPPluginJar : add resmgrutility
2024-11-28 09:21:57,923 [INFO] IPUIPlugin:80 - create IPUIPlugin
2024-11-28 09:21:57,923 [INFO] PluginManager:220 - loadIPPluginJar : add sai
2024-11-28 09:21:57,929 [INFO] IPUIPlugin:80 - create IPUIPlugin
2024-11-28 09:21:57,930 [INFO] PluginManager:220 - loadIPPluginJar : add spi
2024-11-28 09:21:57,940 [INFO] IPUIPlugin:80 - create IPUIPlugin
2024-11-28 09:21:57,940 [INFO] PluginManager:220 - loadIPPluginJar : add stm32_wpan
2024-11-28 09:21:57,945 [INFO] IPUIPlugin:80 - create IPUIPlugin
2024-11-28 09:21:57,946 [INFO] PluginManager:220 - loadIPPluginJar : add tim
2024-11-28 09:21:57,953 [INFO] IPUIPlugin:80 - create IPUIPlugin
2024-11-28 09:21:57,953 [INFO] PluginManager:220 - loadIPPluginJar : add touchsensing
2024-11-28 09:21:57,958 [INFO] IPUIPlugin:80 - create IPUIPlugin
2024-11-28 09:21:57,958 [INFO] PluginManager:220 - loadIPPluginJar : add tracer_emb
2024-11-28 09:21:57,963 [INFO] IPUIPlugin:80 - create IPUIPlugin
2024-11-28 09:21:57,965 [INFO] PluginManager:220 - loadIPPluginJar : add ts
2024-11-28 09:21:57,969 [INFO] IPUIPlugin:80 - create IPUIPlugin
2024-11-28 09:21:57,970 [INFO] PluginManager:220 - loadIPPluginJar : add tsc
2024-11-28 09:21:57,974 [INFO] IPUIPlugin:80 - create IPUIPlugin
2024-11-28 09:21:57,975 [INFO] PluginManager:220 - loadIPPluginJar : add ucpd
2024-11-28 09:21:57,981 [INFO] IPUIPlugin:80 - create IPUIPlugin
2024-11-28 09:21:57,982 [INFO] PluginManager:220 - loadIPPluginJar : add usart
2024-11-28 09:21:57,988 [INFO] IPUIPlugin:80 - create IPUIPlugin
2024-11-28 09:21:57,988 [INFO] PluginManager:220 - loadIPPluginJar : add usbx
2024-11-28 09:21:58,187 [INFO] CADModel:165 - CPN selected for project level
2024-11-28 09:21:58,187 [INFO] CADModel:114 - Register for checkConnection events
2024-11-28 09:21:58,189 [FATAL] Updater:334 - Updater called before beeing initialized
2024-11-28 09:21:58,189 [ERROR] CADModel:125 - Updater not yet initialized, retry later 
2024-11-28 09:21:58,483 [INFO] CADModel:165 - CPN selected for project level
2024-11-28 09:21:58,484 [INFO] CADModel:114 - Register for checkConnection events
2024-11-28 09:21:58,484 [FATAL] Updater:334 - Updater called before beeing initialized
2024-11-28 09:21:58,485 [ERROR] CADModel:125 - Updater not yet initialized, retry later 
2024-11-28 09:21:58,491 [FATAL] Updater:334 - Updater called before beeing initialized
2024-11-28 09:21:58,762 [FATAL] Updater:334 - Updater called before beeing initialized
2024-11-28 09:21:58,770 [INFO] DbMcusAds:53 - JSON generation date=Fri Sep 20 22:04:38 JST 2024 (1726837478367)
2024-11-28 09:21:58,771 [FATAL] Updater:334 - Updater called before beeing initialized
2024-11-28 09:21:58,863 [WARN] DetailPanel:346 - Failed to get advertising image, set to default
2024-11-28 09:21:59,027 [FATAL] Updater:334 - Updater called before beeing initialized
2024-11-28 09:21:59,030 [FATAL] Updater:334 - Updater called before beeing initialized
2024-11-28 09:21:59,032 [FATAL] Updater:334 - Updater called before beeing initialized
2024-11-28 09:21:59,032 [WARN] DetailPanel:346 - Failed to get advertising image, set to default
2024-11-28 09:21:59,034 [FATAL] Updater:334 - Updater called before beeing initialized
2024-11-28 09:21:59,115 [ERROR] Updater:1164 - MainUpdater not yet initialized. External WinMGr cannot be set.
2024-11-28 09:21:59,119 [INFO] Updater:1100 - Updater Version found : 6.12.1
2024-11-28 09:21:59,144 [INFO] ApplicationProperties:184 - Using Application install path: C:\ST\STM32CubeIDE_1.14.1\STM32CubeIDE\plugins\com.st.stm32cube.common.mx_6.12.1.202409122256
2024-11-28 09:21:59,576 [INFO] ThirdPartyUpdaterWithRetryManager:70 - Updater plugin not ready yet. [2/15]
2024-11-28 09:22:00,732 [ERROR] LogOutputStream:75 - [STDERR_REDIRECT] Nov 28, 2024 9:22:00 AM java.util.prefs.WindowsPreferences <init>
2024-11-28 09:22:00,735 [ERROR] LogOutputStream:75 - [STDERR_REDIRECT] WARNING: Could not open/create prefs root node Software\JavaSoft\Prefs at root 0xffffffff80000002. Windows RegCreateKeyEx(...) returned error code 5.
2024-11-28 09:22:00,736 [ERROR] LogOutputStream:75 - [STDERR_REDIRECT] 
2024-11-28 09:22:01,050 [INFO] MainUpdater:2873 - connection check result : 10
2024-11-28 09:22:01,051 [INFO] MainUpdater:3567 - Updater definition file requires update
2024-11-28 09:22:01,052 [INFO] MainUpdater:290 - Updater Check For Update Now.
2024-11-28 09:22:01,053 [INFO] MicroXplorer:498 - Change Database Version : DB.6.0.121
2024-11-28 09:22:01,060 [INFO] McuFinderGlobals:63 - Set McuFinder mode to 2 (CubeIDE integrated)
2024-11-28 09:22:01,061 [INFO] UserAuth:179 - activating auth plugin
2024-11-28 09:22:01,064 [INFO] UserAuth:417 - Internet connection configuration mode: 1
2024-11-28 09:22:01,086 [INFO] JxBrowserEngine:152 - Initiate JxBrowser Engine with user profile folder
2024-11-28 09:22:01,101 [INFO] ServerAccessManage:473 - Download File updaters.zip
2024-11-28 09:22:01,206 [INFO] FileExtend:240 - Unzip File : updaters.zip
2024-11-28 09:22:01,207 [INFO] FileExtend:255 - Standard Zip Deflate
2024-11-28 09:22:01,679 [INFO] ServerAccessManage:473 - Download File PacksControlFlags.xml
2024-11-28 09:22:01,751 [INFO] ServerAccessManage:473 - Download File cubemx.pidx
2024-11-28 09:22:02,106 [INFO] LoadServerUpdatesThread:375 - End of LoadServerUpdate Thread
2024-11-28 09:22:02,313 [INFO] CheckServerUpdateThread:120 - End of CheckServer Thread
2024-11-28 09:22:02,896 [WARN] PackLoader:240 - Cannot read IP mode file for STMicroelectronics.FP-SNS-MOTENVWB1.1.4.0
2024-11-28 09:22:02,908 [WARN] PackLoader:240 - Cannot read IP mode file for STMicroelectronics.FP-ATR-ASTRA1.2.0.1
2024-11-28 09:22:02,920 [WARN] PackLoader:240 - Cannot read IP mode file for STMicroelectronics.X-CUBE-SMBUS.2.1.0
2024-11-28 09:22:02,933 [WARN] PackLoader:240 - Cannot read IP mode file for STMicroelectronics.X-CUBE-WB05N.1.1.0
2024-11-28 09:22:02,977 [WARN] PackLoader:240 - Cannot read IP mode file for STMicroelectronics.X-CUBE-AZRTOS-F7.1.1.0
2024-11-28 09:22:03,097 [WARN] PackLoader:240 - Cannot read IP mode file for STMicroelectronics.X-CUBE-MEMS1.11.0.0
2024-11-28 09:22:03,367 [WARN] PackLoader:240 - Cannot read IP mode file for STMicroelectronics.FP-SNS-FLIGHT1.5.0.2
2024-11-28 09:22:03,382 [WARN] PackLoader:240 - Cannot read IP mode file for STMicroelectronics.X-CUBE-DISPLAY.3.0.0
2024-11-28 09:22:03,399 [WARN] PackLoader:240 - Cannot read IP mode file for STMicroelectronics.X-CUBE-BLE1.7.0.0
2024-11-28 09:22:03,411 [WARN] PackLoader:240 - Cannot read IP mode file for STMicroelectronics.X-CUBE-NFC10.1.0.0
2024-11-28 09:22:03,426 [WARN] PackLoader:240 - Cannot read IP mode file for emotas.I-CUBE-CANOPEN.1.3.0
2024-11-28 09:22:03,444 [WARN] PackLoader:240 - Cannot read IP mode file for STMicroelectronics.X-CUBE-BLEMGR.3.1.0
2024-11-28 09:22:03,455 [WARN] PackLoader:240 - Cannot read IP mode file for STMicroelectronics.FP-SNS-SMARTAG2.1.2.0
2024-11-28 09:22:03,474 [INFO] LogOutputStream:77 - [STDOUT_REDIRECT] 1 : Invalid condition id : UX_CORESTACK_Condition cause : null
2024-11-28 09:22:03,476 [INFO] LogOutputStream:77 - [STDOUT_REDIRECT] 1 : Invalid condition id : UX_CORESTACK_Condition cause : null
2024-11-28 09:22:03,480 [INFO] LogOutputStream:77 - [STDOUT_REDIRECT] 1 : Invalid condition id : UX_CORESTACK_Condition cause : null
2024-11-28 09:22:03,483 [INFO] LogOutputStream:77 - [STDOUT_REDIRECT] 1 : Invalid condition id : UX_CORESTACK_Condition cause : null
2024-11-28 09:22:03,487 [INFO] LogOutputStream:77 - [STDOUT_REDIRECT] 1 : Invalid condition id : UX_CORESTACK_Condition cause : null
2024-11-28 09:22:03,494 [WARN] PackLoader:240 - Cannot read IP mode file for STMicroelectronics.X-CUBE-AZRTOS-WL.2.0.0
2024-11-28 09:22:03,505 [WARN] PackLoader:240 - Cannot read IP mode file for STMicroelectronics.FP-SNS-MOTENV1.5.0.0
2024-11-28 09:22:03,514 [WARN] PackLoader:240 - Cannot read IP mode file for wolfSSL.I-CUBE-wolfMQTT.1.19.0
2024-11-28 09:22:03,530 [WARN] PackLoader:240 - Cannot read IP mode file for WES.I-CUBE-Cesium.1.3.0
2024-11-28 09:22:03,540 [WARN] PackLoader:240 - Cannot read IP mode file for STMicroelectronics.X-CUBE-BLE2.3.3.0
2024-11-28 09:22:03,553 [WARN] PackLoader:240 - Cannot read IP mode file for STMicroelectronics.X-CUBE-NFC9.1.0.0
2024-11-28 09:22:03,567 [WARN] PackLoader:240 - Cannot read IP mode file for STMicroelectronics.X-CUBE-TCPP.4.1.0
2024-11-28 09:22:03,596 [WARN] PackLoader:240 - Cannot read IP mode file for STMicroelectronics.X-CUBE-AZRTOS-G0.1.1.0
2024-11-28 09:22:03,612 [WARN] PackLoader:240 - Cannot read IP mode file for STMicroelectronics.X-CUBE-SAFEA1.1.2.2
2024-11-28 09:22:03,625 [WARN] PackLoader:240 - Cannot read IP mode file for STMicroelectronics.X-CUBE-NFC4.3.0.0
2024-11-28 09:22:03,646 [WARN] PackLoader:240 - Cannot read IP mode file for EmbeddedOffice.I-CUBE-FS-RTOS.1.0.1
2024-11-28 09:22:03,647 [ERROR] ConditionMgr:805 - Attr not supported : Dmpu
2024-11-28 09:22:03,648 [ERROR] ConditionMgr:805 - Attr not supported : Dmpu
2024-11-28 09:22:03,648 [ERROR] ConditionMgr:805 - Attr not supported : Dmpu
2024-11-28 09:22:03,649 [ERROR] ConditionMgr:805 - Attr not supported : Dmpu
2024-11-28 09:22:03,650 [ERROR] ConditionMgr:805 - Attr not supported : Dmpu
2024-11-28 09:22:03,650 [ERROR] ConditionMgr:805 - Attr not supported : Dmpu
2024-11-28 09:22:03,651 [ERROR] ConditionMgr:805 - Attr not supported : Dmpu
2024-11-28 09:22:03,651 [ERROR] ConditionMgr:805 - Attr not supported : Dmpu
2024-11-28 09:22:03,652 [ERROR] ConditionMgr:805 - Attr not supported : Dmpu
2024-11-28 09:22:03,652 [ERROR] ConditionMgr:805 - Attr not supported : Dmpu
2024-11-28 09:22:03,653 [ERROR] ConditionMgr:805 - Attr not supported : Dmpu
2024-11-28 09:22:03,654 [ERROR] ConditionMgr:805 - Attr not supported : Dmpu
2024-11-28 09:22:03,654 [ERROR] ConditionMgr:805 - Attr not supported : Dmpu
2024-11-28 09:22:03,655 [ERROR] ConditionMgr:805 - Attr not supported : Dmpu
2024-11-28 09:22:03,656 [ERROR] ConditionMgr:805 - Attr not supported : Dmpu
2024-11-28 09:22:03,656 [ERROR] ConditionMgr:805 - Attr not supported : Dmpu
2024-11-28 09:22:03,657 [ERROR] ConditionMgr:805 - Attr not supported : Dmpu
2024-11-28 09:22:03,658 [ERROR] ConditionMgr:805 - Attr not supported : Dmpu
2024-11-28 09:22:03,658 [ERROR] ConditionMgr:805 - Attr not supported : Dmpu
2024-11-28 09:22:03,658 [ERROR] ConditionMgr:805 - Attr not supported : Dmpu
2024-11-28 09:22:03,660 [ERROR] ConditionMgr:805 - Attr not supported : Dmpu
2024-11-28 09:22:03,661 [ERROR] ConditionMgr:805 - Attr not supported : Dmpu
2024-11-28 09:22:03,661 [ERROR] ConditionMgr:805 - Attr not supported : Dmpu
2024-11-28 09:22:03,662 [ERROR] ConditionMgr:805 - Attr not supported : Dmpu
2024-11-28 09:22:03,663 [ERROR] ConditionMgr:805 - Attr not supported : Dmpu
2024-11-28 09:22:03,663 [ERROR] ConditionMgr:805 - Attr not supported : Dmpu
2024-11-28 09:22:03,664 [ERROR] ConditionMgr:805 - Attr not supported : Dmpu
2024-11-28 09:22:03,665 [ERROR] ConditionMgr:805 - Attr not supported : Dmpu
2024-11-28 09:22:03,665 [ERROR] ConditionMgr:805 - Attr not supported : Dmpu
2024-11-28 09:22:03,666 [ERROR] ConditionMgr:805 - Attr not supported : Dmpu
2024-11-28 09:22:03,667 [ERROR] ConditionMgr:805 - Attr not supported : Dmpu
2024-11-28 09:22:03,667 [ERROR] ConditionMgr:805 - Attr not supported : Dmpu
2024-11-28 09:22:03,668 [ERROR] ConditionMgr:805 - Attr not supported : Dmpu
2024-11-28 09:22:03,669 [ERROR] ConditionMgr:805 - Attr not supported : Dmpu
2024-11-28 09:22:03,670 [ERROR] ConditionMgr:805 - Attr not supported : Dmpu
2024-11-28 09:22:03,671 [ERROR] ConditionMgr:805 - Attr not supported : Dmpu
2024-11-28 09:22:03,672 [ERROR] ConditionMgr:805 - Attr not supported : Dmpu
2024-11-28 09:22:03,673 [ERROR] ConditionMgr:805 - Attr not supported : Dmpu
2024-11-28 09:22:03,673 [ERROR] ConditionMgr:805 - Attr not supported : Dmpu
2024-11-28 09:22:03,674 [ERROR] ConditionMgr:805 - Attr not supported : Dmpu
2024-11-28 09:22:03,674 [ERROR] ConditionMgr:805 - Attr not supported : Dmpu
2024-11-28 09:22:03,675 [ERROR] ConditionMgr:805 - Attr not supported : Dmpu
2024-11-28 09:22:03,675 [ERROR] ConditionMgr:805 - Attr not supported : Dmpu
2024-11-28 09:22:03,676 [ERROR] ConditionMgr:805 - Attr not supported : Dmpu
2024-11-28 09:22:03,678 [ERROR] ConditionMgr:805 - Attr not supported : Dmpu
2024-11-28 09:22:03,678 [ERROR] ConditionMgr:805 - Attr not supported : Dmpu
2024-11-28 09:22:03,678 [ERROR] ConditionMgr:805 - Attr not supported : Dmpu
2024-11-28 09:22:03,679 [ERROR] ConditionMgr:805 - Attr not supported : Dmpu
2024-11-28 09:22:03,680 [ERROR] ConditionMgr:805 - Attr not supported : Dmpu
2024-11-28 09:22:03,680 [ERROR] ConditionMgr:805 - Attr not supported : Dmpu
2024-11-28 09:22:03,680 [ERROR] ConditionMgr:805 - Attr not supported : Dmpu
2024-11-28 09:22:03,682 [ERROR] ConditionMgr:805 - Attr not supported : Dmpu
2024-11-28 09:22:03,683 [ERROR] ConditionMgr:805 - Attr not supported : Dmpu
2024-11-28 09:22:03,683 [ERROR] ConditionMgr:805 - Attr not supported : Dmpu
2024-11-28 09:22:03,684 [ERROR] ConditionMgr:805 - Attr not supported : Dmpu
2024-11-28 09:22:03,685 [ERROR] ConditionMgr:805 - Attr not supported : Dmpu
2024-11-28 09:22:03,685 [ERROR] ConditionMgr:805 - Attr not supported : Dmpu
2024-11-28 09:22:03,686 [ERROR] ConditionMgr:805 - Attr not supported : Dmpu
2024-11-28 09:22:03,686 [ERROR] ConditionMgr:805 - Attr not supported : Dmpu
2024-11-28 09:22:03,687 [ERROR] ConditionMgr:805 - Attr not supported : Dmpu
2024-11-28 09:22:03,687 [ERROR] ConditionMgr:805 - Attr not supported : Dmpu
2024-11-28 09:22:03,689 [ERROR] ConditionMgr:805 - Attr not supported : Dmpu
2024-11-28 09:22:03,690 [ERROR] ConditionMgr:805 - Attr not supported : Dmpu
2024-11-28 09:22:03,690 [ERROR] ConditionMgr:805 - Attr not supported : Dmpu
2024-11-28 09:22:03,698 [WARN] PackLoader:240 - Cannot read IP mode file for RealThread.X-CUBE-RT-Thread_Nano.4.1.1
2024-11-28 09:22:03,707 [WARN] PackLoader:240 - Cannot read IP mode file for STMicroelectronics.FP-ATR-SIGFOX1.3.2.0
2024-11-28 09:22:03,715 [WARN] PackLoader:240 - Cannot read IP mode file for wolfSSL.I-CUBE-wolfSSL.5.7.2
2024-11-28 09:22:03,724 [WARN] ConditionMgr:438 - getConditionDescription Invalid condition id : Cortex-A Device cause : null
2024-11-28 09:22:03,741 [WARN] ConditionMgr:1039 - genDependencies : Invalid condition id : Cortex-A Device cause : null
2024-11-28 09:22:03,742 [WARN] ConditionMgr:1039 - genDependencies : Invalid condition id : Cortex-A Device cause : null
2024-11-28 09:22:03,743 [WARN] ConditionMgr:1039 - genDependencies : Invalid condition id : Cortex-A Device cause : null
2024-11-28 09:22:03,755 [WARN] PackLoader:240 - Cannot read IP mode file for STMicroelectronics.X-CUBE-EEPRMA1.5.1.0
2024-11-28 09:22:03,773 [WARN] PackLoader:240 - Cannot read IP mode file for ITTIA_DB.I-CUBE-ITTIADB.8.9.0
2024-11-28 09:22:03,822 [WARN] PackLoader:240 - Cannot read IP mode file for SEGGER.I-CUBE-embOS.1.3.1
2024-11-28 09:22:03,904 [WARN] PackLoader:240 - Cannot read IP mode file for STMicroelectronics.X-CUBE-ALGOBUILD.1.4.0
2024-11-28 09:22:03,911 [WARN] PackLoader:240 - Cannot read IP mode file for STMicroelectronics.X-CUBE-AI.9.1.0
2024-11-28 09:22:03,939 [WARN] PackLoader:240 - Cannot read IP mode file for STMicroelectronics.X-CUBE-AZRTOS-F4.1.1.0
2024-11-28 09:22:03,958 [WARN] PackLoader:240 - Cannot read IP mode file for STMicroelectronics.X-CUBE-ISPU.2.1.0
2024-11-28 09:22:03,968 [WARN] PackLoader:240 - Cannot read IP mode file for STMicroelectronics.X-CUBE-FREERTOS.1.2.0
2024-11-28 09:22:03,994 [WARN] PackLoader:240 - Cannot read IP mode file for STMicroelectronics.X-CUBE-AZRTOS-L5.2.0.0
2024-11-28 09:22:04,012 [WARN] PackLoader:240 - Cannot read IP mode file for STMicroelectronics.X-CUBE-NFC6.3.1.0
2024-11-28 09:22:04,026 [WARN] PackLoader:240 - Cannot read IP mode file for STMicroelectronics.X-CUBE-DPower.1.2.0
2024-11-28 09:22:04,037 [WARN] PackLoader:240 - Cannot read IP mode file for STMicroelectronics.X-CUBE-NFC7.1.0.1
2024-11-28 09:22:04,068 [WARN] ConditionMgr:438 - getConditionDescription Invalid condition id : LAN8742 Phy interface Condition cause : null
2024-11-28 09:22:04,071 [WARN] PackLoader:240 - Cannot read IP mode file for STMicroelectronics.X-CUBE-AZRTOS-L4.2.0.0
2024-11-28 09:22:04,073 [WARN] ConditionMgr:1039 - genDependencies : Invalid condition id : LAN8742 Phy interface Condition cause : null
2024-11-28 09:22:04,074 [WARN] ConditionMgr:1039 - genDependencies : Invalid condition id : LAN8742 Phy interface Condition cause : null
2024-11-28 09:22:04,075 [WARN] ConditionMgr:1039 - genDependencies : Invalid condition id : LAN8742 Phy interface Condition cause : null
2024-11-28 09:22:04,087 [WARN] PackLoader:240 - Cannot read IP mode file for STMicroelectronics.X-CUBE-SFXS2LP1.4.0.0
2024-11-28 09:22:04,128 [WARN] PackLoader:240 - Cannot read IP mode file for STMicroelectronics.X-CUBE-AZRTOS-H7.3.3.0
2024-11-28 09:22:04,154 [WARN] PackLoader:240 - Cannot read IP mode file for STMicroelectronics.X-CUBE-IPS.3.0.0
2024-11-28 09:22:04,180 [WARN] ConditionMgr:438 - getConditionDescription Invalid condition id : UX DEVICE CLASS RTOS Condition cause : null
2024-11-28 09:22:04,181 [WARN] ConditionMgr:438 - getConditionDescription Invalid condition id : UX DEVICE CLASS RTOS Condition cause : null
2024-11-28 09:22:04,186 [WARN] PackLoader:240 - Cannot read IP mode file for STMicroelectronics.X-CUBE-AZRTOS-WB.2.0.0
2024-11-28 09:22:04,188 [WARN] ConditionMgr:1039 - genDependencies : Invalid condition id : UX DEVICE CLASS RTOS Condition cause : null
2024-11-28 09:22:04,189 [WARN] ConditionMgr:1039 - genDependencies : Invalid condition id : UX DEVICE CLASS RTOS Condition cause : null
2024-11-28 09:22:04,190 [WARN] ConditionMgr:1039 - genDependencies : Invalid condition id : UX DEVICE CLASS RTOS Condition cause : null
2024-11-28 09:22:04,191 [WARN] ConditionMgr:1039 - genDependencies : Invalid condition id : UX DEVICE CLASS RTOS Condition cause : null
2024-11-28 09:22:04,191 [WARN] ConditionMgr:1039 - genDependencies : Invalid condition id : UX DEVICE CLASS RTOS Condition cause : null
2024-11-28 09:22:04,200 [WARN] PackLoader:240 - Cannot read IP mode file for STMicroelectronics.X-CUBE-GNSS1.7.0.0
2024-11-28 09:22:04,211 [WARN] PackLoader:240 - Cannot read IP mode file for STMicroelectronics.FP-SNS-STBOX1.2.0.0
2024-11-28 09:22:04,228 [WARN] PackLoader:240 - Cannot read IP mode file for STMicroelectronics.X-CUBE-SUBG2.5.0.0
2024-11-28 09:22:04,239 [WARN] PackLoader:240 - Cannot read IP mode file for Cesanta.I-CUBE-Mongoose.7.13.0
2024-11-28 09:22:04,262 [WARN] PackLoader:240 - Cannot read IP mode file for STMicroelectronics.X-CUBE-AZRTOS-G4.2.0.0
2024-11-28 09:22:04,272 [WARN] PackLoader:240 - Cannot read IP mode file for STMicroelectronics.X-CUBE-ALS.1.0.2
2024-11-28 09:22:04,279 [WARN] PackLoader:240 - Cannot read IP mode file for STMicroelectronics.X-CUBE-TOUCHGFX.4.24.1
2024-11-28 09:22:04,285 [WARN] PackLoader:240 - Cannot read IP mode file for wolfSSL.I-CUBE-wolfTPM.3.4.0
2024-11-28 09:22:04,293 [WARN] PackLoader:240 - Cannot read IP mode file for portGmbH.I-Cube-SoM-uGOAL.1.1.0
2024-11-28 09:22:04,320 [WARN] PackLoader:240 - Cannot read IP mode file for STMicroelectronics.X-CUBE-AZRTOS-H7RS.1.0.0
2024-11-28 09:22:04,330 [WARN] PackLoader:240 - Cannot read IP mode file for STMicroelectronics.FP-ATR-ASTRA1.2.0.0
2024-11-28 09:22:04,346 [WARN] PackLoader:240 - Cannot read IP mode file for STMicroelectronics.X-CUBE-TOF1.3.4.2
2024-11-28 09:22:04,400 [WARN] PackLoader:240 - Cannot read IP mode file for Infineon.AIROC-Wi-Fi-Bluetooth-STM32.1.6.1
2024-11-28 09:22:04,412 [WARN] PackLoader:240 - Cannot read IP mode file for wolfSSL.I-CUBE-wolfSSH.1.4.17
2024-11-28 09:22:04,413 [INFO] ThirdParty:978 - Integrity check success = true
2024-11-28 09:22:04,414 [INFO] IntegrityCheckThread:100 - exiting critical section [integrity check]
2024-11-28 09:22:04,414 [INFO] IntegrityCheckThread:103 - End integrity checks thread
2024-11-28 09:22:05,303 [INFO] WebApp:167 - Instantiating new browser for Auth
2024-11-28 09:22:06,941 [INFO] WebApp:448 - Apply proxy settings
2024-11-28 09:22:06,942 [INFO] WebApp:533 - Chromium requires no authentication
2024-11-28 09:22:06,957 [INFO] WebApp:476 - Direct internet connection detected
2024-11-28 09:22:06,999 [INFO] WebApp:869 - Register for checkConnection events
2024-11-28 09:22:07,000 [INFO] WebApp:448 - Apply proxy settings
2024-11-28 09:22:07,001 [INFO] WebApp:533 - Chromium requires no authentication
2024-11-28 09:22:07,002 [INFO] WebApp:476 - Direct internet connection detected
2024-11-28 09:22:07,195 [INFO] WebApp:186 - Connection restablished
2024-11-28 09:22:07,484 [INFO] WebApp:220 - Starting web application
2024-11-28 09:22:07,488 [INFO] WebApp:578 - Web application path used C:\ST\STM32CubeIDE_1.14.1\STM32CubeIDE\plugins\com.st.stm32cube.common.mx_6.12.1.202409122256\db\plugins\mcufinder\reactClient1\index.html
2024-11-28 12:44:50,051 [ERROR] LogOutputStream:75 - [STDERR_REDIRECT] 
